<?xml version="1.0" encoding="UTF-8"?>
<testsuite xmlns:xsi="http://www.w3.org/2001/XMLSchema-instance" xsi:noNamespaceSchemaLocation="https://maven.apache.org/surefire/maven-surefire-plugin/xsd/surefire-test-report-3.0.xsd" version="3.0" name="gov.gsa.sst.runner.OfferRunner_Smoke" time="63.882" tests="9" errors="2" skipped="7" failures="0">
  <properties>
[...]
</properties>
  <testcase name="" classname="Scenario: Add Negotiator successful" time="57.129">
    <error message="session not created: This version of ChromeDriver only supports Chrome version 116&#10;Current browser version is 119.0.6045.123 with binary path /Applications/Google Chrome.app/Contents/MacOS/Google Chrome&#10;Build info: version: &apos;3.4.0&apos;, revision: &apos;unknown&apos;, time: &apos;unknown&apos;&#10;System info: host: &apos;OCTO-F0QKD57XX6.octo.us&apos;, ip: &apos;fe80:0:0:0:4ab:912d:925d:a705%en0&apos;, os.name: &apos;Mac OS X&apos;, os.arch: &apos;aarch64&apos;, os.version: &apos;14.0&apos;, java.version: &apos;21.0.1&apos;&#10;Driver info: driver.version: ChromeDriver&#10;remote stacktrace: 0   chromedriver                        0x0000000102ff4638 chromedriver + 5002808&#10;1   chromedriver                        0x0000000102feba53 chromedriver + 4966995&#10;2   chromedriver                        0x0000000102b9ca57 chromedriver + 449111&#10;3   chromedriver                        0x0000000102bd142c chromedriver + 664620&#10;4   chromedriver                        0x0000000102bcc58f chromedriver + 644495&#10;5   chromedriver                        0x0000000102bc9189 chromedriver + 631177&#10;6   chromedriver                        0x0000000102c12cf4 chromedriver + 933108&#10;7   chromedriver                        0x0000000102c1203f chromedriver + 929855&#10;8   chromedriver                        0x0000000102c091c3 chromedriver + 893379&#10;9   chromedriver                        0x0000000102bd4df9 chromedriver + 679417&#10;10  chromedriver                        0x0000000102bd5fde chromedriver + 683998&#10;11  chromedriver                        0x0000000102fb12d9 chromedriver + 4727513&#10;12  chromedriver                        0x0000000102fb62de chromedriver + 4747998&#10;13  chromedriver                        0x0000000102f742c9 chromedriver + 4477641&#10;14  chromedriver                        0x0000000102fb702d chromedriver + 4751405&#10;15  chromedriver                        0x0000000102f8a0ec chromedriver + 4567276&#10;16  chromedriver                        0x0000000102fd47f8 chromedriver + 4872184&#10;17  chromedriver                        0x0000000102fd49b7 chromedriver + 4872631&#10;18  chromedriver                        0x0000000102fe4a1f chromedriver + 4938271&#10;19  libsystem_pthread.dylib             0x00007ff816381202 _pthread_start + 99&#10;20  libsystem_pthread.dylib             0x00007ff81637cbab thread_start + 15&#10;" type="org.openqa.selenium.SessionNotCreatedException"><![CDATA[org.openqa.selenium.SessionNotCreatedException: 
session not created: This version of ChromeDriver only supports Chrome version 116
Current browser version is 119.0.6045.123 with binary path /Applications/Google Chrome.app/Contents/MacOS/Google Chrome
Build info: version: '3.4.0', revision: 'unknown', time: 'unknown'
System info: host: 'OCTO-F0QKD57XX6.octo.us', ip: 'fe80:0:0:0:4ab:912d:925d:a705%en0', os.name: 'Mac OS X', os.arch: 'aarch64', os.version: '14.0', java.version: '21.0.1'
Driver info: driver.version: ChromeDriver
remote stacktrace: 0   chromedriver                        0x0000000102ff4638 chromedriver + 5002808
1   chromedriver                        0x0000000102feba53 chromedriver + 4966995
2   chromedriver                        0x0000000102b9ca57 chromedriver + 449111
3   chromedriver                        0x0000000102bd142c chromedriver + 664620
4   chromedriver                        0x0000000102bcc58f chromedriver + 644495
5   chromedriver                        0x0000000102bc9189 chromedriver + 631177
6   chromedriver                        0x0000000102c12cf4 chromedriver + 933108
7   chromedriver                        0x0000000102c1203f chromedriver + 929855
8   chromedriver                        0x0000000102c091c3 chromedriver + 893379
9   chromedriver                        0x0000000102bd4df9 chromedriver + 679417
10  chromedriver                        0x0000000102bd5fde chromedriver + 683998
11  chromedriver                        0x0000000102fb12d9 chromedriver + 4727513
12  chromedriver                        0x0000000102fb62de chromedriver + 4747998
13  chromedriver                        0x0000000102f742c9 chromedriver + 4477641
14  chromedriver                        0x0000000102fb702d chromedriver + 4751405
15  chromedriver                        0x0000000102f8a0ec chromedriver + 4567276
16  chromedriver                        0x0000000102fd47f8 chromedriver + 4872184
17  chromedriver                        0x0000000102fd49b7 chromedriver + 4872631
18  chromedriver                        0x0000000102fe4a1f chromedriver + 4938271
19  libsystem_pthread.dylib             0x00007ff816381202 _pthread_start + 99
20  libsystem_pthread.dylib             0x00007ff81637cbab thread_start + 15

]]></error>
    <system-out><![CDATA[2023-11-12 23:31:08 INFO  ClassPathXmlApplicationContext:581 - Refreshing org.springframework.context.support.ClassPathXmlApplicationContext@33d512c1: startup date [Sun Nov 12 23:31:08 EST 2023]; root of context hierarchy
2023-11-12 23:31:08 INFO  XmlBeanDefinitionReader:317 - Loading XML bean definitions from class path resource [cucumber.xml]
2023-11-12 23:31:09 INFO  PropertySourcesPlaceholderConfigurer:172 - Loading properties file from class path resource [driver.properties]
2023-11-12 23:31:09 INFO  WebDriverFactory:44 - Initiating driver factory - 1
2023-11-12 23:31:10 INFO  MergedDataInjectedCucumber:63 - file: [Ljava.lang.String;@7f2d31af 1 allFiles: 1
2023-11-12 23:31:10 INFO  MergedDataInjectedCucumber:141 - featureName: negotiator
2023-11-12 23:31:10 INFO  MergedDataInjectedCucumber:141 - featureName: pathwayToSuccess
Feature: Add Negotiator to Offer
  
  As a vendor
  I want to add a negotiator to the offer
  So that I can work the offer
2023-11-12 23:31:10 INFO  CommonSteps:143 - Starting to set up scenraio
2023-11-12 23:31:10 INFO  WebDriverFactory:163 - ****os Name: mac os x
2023-11-12 23:31:10 INFO  WebDriverFactory:173 - Initiating driver in getDriver()
2023-11-12 23:31:10 INFO  WebDriverFactory:672 - driverType: shared
2023-11-12 23:31:10 INFO  WebDriverFactory:686 - browserType: chrome
2023-11-12 23:31:10 INFO  WebDriverFactory:345 - Setting the chrome driver path to src/test/resources/Driver/chromedriver
]]></system-out>
    <system-err><![CDATA[Starting ChromeDriver 116.0.5845.96 (1a391816688002153ef791ffe60d9e899a71a037-refs/branch-heads/5845@{#1382}) on port 31059
Only local connections are allowed.
Please see https://chromedriver.chromium.org/security-considerations for suggestions on keeping ChromeDriver safe.
ChromeDriver was started successfully.
]]></system-err>
  </testcase>
  <testcase name="Given I am on the Add Negotiator Page" classname="Scenario: Add Negotiator successful" time="0">
    <skipped/>
    <system-out><![CDATA[&amp#27;[31mFailure in before hook:&amp#27;[0m&amp#27;[31mCommonSteps.setup(Scenario)&amp#27;[0m
&amp#27;[31mMessage: &amp#27;[0m&amp#27;[31morg.openqa.selenium.SessionNotCreatedException: session not created: This version of ChromeDriver only supports Chrome version 116
Current browser version is 119.0.6045.123 with binary path /Applications/Google Chrome.app/Contents/MacOS/Google Chrome
Build info: version: '3.4.0', revision: 'unknown', time: 'unknown'
System info: host: 'OCTO-F0QKD57XX6.octo.us', ip: 'fe80:0:0:0:4ab:912d:925d:a705%en0', os.name: 'Mac OS X', os.arch: 'aarch64', os.version: '14.0', java.version: '21.0.1'
Driver info: driver.version: ChromeDriver
remote stacktrace: 0   chromedriver                        0x0000000102ff4638 chromedriver + 5002808
1   chromedriver                        0x0000000102feba53 chromedriver + 4966995
2   chromedriver                        0x0000000102b9ca57 chromedriver + 449111
3   chromedriver                        0x0000000102bd142c chromedriver + 664620
4   chromedriver                        0x0000000102bcc58f chromedriver + 644495
5   chromedriver                        0x0000000102bc9189 chromedriver + 631177
6   chromedriver                        0x0000000102c12cf4 chromedriver + 933108
7   chromedriver                        0x0000000102c1203f chromedriver + 929855
8   chromedriver                        0x0000000102c091c3 chromedriver + 893379
9   chromedriver                        0x0000000102bd4df9 chromedriver + 679417
10  chromedriver                        0x0000000102bd5fde chromedriver + 683998
11  chromedriver                        0x0000000102fb12d9 chromedriver + 4727513
12  chromedriver                        0x0000000102fb62de chromedriver + 4747998
13  chromedriver                        0x0000000102f742c9 chromedriver + 4477641
14  chromedriver                        0x0000000102fb702d chromedriver + 4751405
15  chromedriver                        0x0000000102f8a0ec chromedriver + 4567276
16  chromedriver                        0x0000000102fd47f8 chromedriver + 4872184
17  chromedriver                        0x0000000102fd49b7 chromedriver + 4872631
18  chromedriver                        0x0000000102fe4a1f chromedriver + 4938271
19  libsystem_pthread.dylib             0x00007ff816381202 _pthread_start + 99
20  libsystem_pthread.dylib             0x00007ff81637cbab thread_start + 15

	at java.base/jdk.internal.reflect.DirectConstructorHandleAccessor.newInstance(DirectConstructorHandleAccessor.java:62)
	at java.base/java.lang.reflect.Constructor.newInstanceWithCaller(Constructor.java:502)
	at java.base/java.lang.reflect.Constructor.newInstance(Constructor.java:486)
	at org.openqa.selenium.remote.W3CHandshakeResponse.lambda$new$0(W3CHandshakeResponse.java:57)
	at org.openqa.selenium.remote.W3CHandshakeResponse.lambda$getResponseFunction$2(W3CHandshakeResponse.java:104)
	at org.openqa.selenium.remote.ProtocolHandshake.lambda$createSession$22(ProtocolHandshake.java:365)
	at java.base/java.util.stream.ReferencePipeline$3$1.accept(ReferencePipeline.java:197)
	at java.base/java.util.Spliterators$ArraySpliterator.tryAdvance(Spliterators.java:1034)
	at java.base/java.util.stream.ReferencePipeline.forEachWithCancel(ReferencePipeline.java:129)
	at java.base/java.util.stream.AbstractPipeline.copyIntoWithCancel(AbstractPipeline.java:527)
	at java.base/java.util.stream.AbstractPipeline.copyInto(AbstractPipeline.java:513)
	at java.base/java.util.stream.AbstractPipeline.wrapAndCopyInto(AbstractPipeline.java:499)
	at java.base/java.util.stream.FindOps$FindOp.evaluateSequential(FindOps.java:150)
	at java.base/java.util.stream.AbstractPipeline.evaluate(AbstractPipeline.java:234)
	at java.base/java.util.stream.ReferencePipeline.findFirst(ReferencePipeline.java:647)
	at org.openqa.selenium.remote.ProtocolHandshake.createSession(ProtocolHandshake.java:368)
	at org.openqa.selenium.remote.ProtocolHandshake.createSession(ProtocolHandshake.java:159)
	at org.openqa.selenium.remote.HttpCommandExecutor.execute(HttpCommandExecutor.java:142)
	at org.openqa.selenium.remote.service.DriverCommandExecutor.execute(DriverCommandExecutor.java:82)
	at org.openqa.selenium.remote.RemoteWebDriver.execute(RemoteWebDriver.java:637)
	at org.openqa.selenium.remote.RemoteWebDriver.startSession(RemoteWebDriver.java:250)
	at org.openqa.selenium.remote.RemoteWebDriver.startSession(RemoteWebDriver.java:236)
	at org.openqa.selenium.remote.RemoteWebDriver.<init>(RemoteWebDriver.java:137)
	at org.openqa.selenium.chrome.ChromeDriver.<init>(ChromeDriver.java:184)
	at org.openqa.selenium.chrome.ChromeDriver.<init>(ChromeDriver.java:171)
	at org.openqa.selenium.chrome.ChromeDriver.<init>(ChromeDriver.java:158)
	at driver.WebDriverFactory.getChromeDriver(WebDriverFactory.java:397)
	at driver.WebDriverFactory.getWebDriver(WebDriverFactory.java:204)
	at driver.WebDriverFactory.getDriver(WebDriverFactory.java:158)
	at comment.ExecutionContext.setUpScenario(ExecutionContext.java:112)
	at gov.gsa.sst.common.CommonSteps.setup(CommonSteps.java:144)
	at java.base/jdk.internal.reflect.DirectMethodHandleAccessor.invoke(DirectMethodHandleAccessor.java:103)
	at java.base/java.lang.reflect.Method.invoke(Method.java:580)
	at cucumber.runtime.Utils$1.call(Utils.java:37)
	at cucumber.runtime.Timeout.timeout(Timeout.java:13)
	at cucumber.runtime.Utils.invoke(Utils.java:31)
	at cucumber.runtime.java.JavaHookDefinition.execute(JavaHookDefinition.java:60)
	at cucumber.runtime.Runtime.runHookIfTagsMatch(Runtime.java:223)
	at cucumber.runtime.Runtime.runHooks(Runtime.java:211)
	at cucumber.runtime.Runtime.runBeforeHooks(Runtime.java:201)
	at cucumber.runtime.model.CucumberScenario.run(CucumberScenario.java:40)
	at cucumber.runtime.junit.ExecutionUnitRunner.run(ExecutionUnitRunner.java:91)
	at runner.DataInjectedFeatureRunner.runChild(DataInjectedFeatureRunner.java:77)
	at runner.DataInjectedFeatureRunner.runChild(DataInjectedFeatureRunner.java:26)
	at org.junit.runners.ParentRunner$3.run(ParentRunner.java:290)
	at org.junit.runners.ParentRunner$1.schedule(ParentRunner.java:71)
	at org.junit.runners.ParentRunner.runChildren(ParentRunner.java:288)
	at org.junit.runners.ParentRunner.access$000(ParentRunner.java:58)
	at org.junit.runners.ParentRunner$2.evaluate(ParentRunner.java:268)
	at org.junit.runners.ParentRunner.run(ParentRunner.java:363)
	at runner.DataInjectedFeatureRunner.run(DataInjectedFeatureRunner.java:84)
	at cukes.MergedDataInjectedCucumber.runChild(MergedDataInjectedCucumber.java:121)
	at cukes.MergedDataInjectedCucumber.runChild(MergedDataInjectedCucumber.java:32)
	at org.junit.runners.ParentRunner$3.run(ParentRunner.java:290)
	at org.junit.runners.ParentRunner$1.schedule(ParentRunner.java:71)
	at org.junit.runners.ParentRunner.runChildren(ParentRunner.java:288)
	at org.junit.runners.ParentRunner.access$000(ParentRunner.java:58)
	at org.junit.runners.ParentRunner$2.evaluate(ParentRunner.java:268)
	at org.junit.internal.runners.statements.RunAfters.evaluate(RunAfters.java:27)
	at org.junit.runners.ParentRunner.run(ParentRunner.java:363)
	at cukes.MergedDataInjectedCucumber.run(MergedDataInjectedCucumber.java:125)
	at org.apache.maven.surefire.junit4.JUnit4Provider.execute(JUnit4Provider.java:364)
	at org.apache.maven.surefire.junit4.JUnit4Provider.executeWithRerun(JUnit4Provider.java:272)
	at org.apache.maven.surefire.junit4.JUnit4Provider.executeTestSet(JUnit4Provider.java:237)
	at org.apache.maven.surefire.junit4.JUnit4Provider.invoke(JUnit4Provider.java:158)
	at org.apache.maven.surefire.booter.ForkedBooter.runSuitesInProcess(ForkedBooter.java:428)
	at org.apache.maven.surefire.booter.ForkedBooter.execute(ForkedBooter.java:162)
	at org.apache.maven.surefire.booter.ForkedBooter.run(ForkedBooter.java:562)
	at org.apache.maven.surefire.booter.ForkedBooter.main(ForkedBooter.java:548)
&amp#27;[0m
      &amp#27;[31morg.openqa.selenium.SessionNotCreatedException: session not created: This version of ChromeDriver only supports Chrome version 116
      Current browser version is 119.0.6045.123 with binary path /Applications/Google Chrome.app/Contents/MacOS/Google Chrome
      Build info: version: '3.4.0', revision: 'unknown', time: 'unknown'
      System info: host: 'OCTO-F0QKD57XX6.octo.us', ip: 'fe80:0:0:0:4ab:912d:925d:a705%en0', os.name: 'Mac OS X', os.arch: 'aarch64', os.version: '14.0', java.version: '21.0.1'
      Driver info: driver.version: ChromeDriver
      remote stacktrace: 0   chromedriver                        0x0000000102ff4638 chromedriver + 5002808
      1   chromedriver                        0x0000000102feba53 chromedriver + 4966995
      2   chromedriver                        0x0000000102b9ca57 chromedriver + 449111
      3   chromedriver                        0x0000000102bd142c chromedriver + 664620
      4   chromedriver                        0x0000000102bcc58f chromedriver + 644495
      5   chromedriver                        0x0000000102bc9189 chromedriver + 631177
      6   chromedriver                        0x0000000102c12cf4 chromedriver + 933108
      7   chromedriver                        0x0000000102c1203f chromedriver + 929855
      8   chromedriver                        0x0000000102c091c3 chromedriver + 893379
      9   chromedriver                        0x0000000102bd4df9 chromedriver + 679417
      10  chromedriver                        0x0000000102bd5fde chromedriver + 683998
      11  chromedriver                        0x0000000102fb12d9 chromedriver + 4727513
      12  chromedriver                        0x0000000102fb62de chromedriver + 4747998
      13  chromedriver                        0x0000000102f742c9 chromedriver + 4477641
      14  chromedriver                        0x0000000102fb702d chromedriver + 4751405
      15  chromedriver                        0x0000000102f8a0ec chromedriver + 4567276
      16  chromedriver                        0x0000000102fd47f8 chromedriver + 4872184
      17  chromedriver                        0x0000000102fd49b7 chromedriver + 4872631
      18  chromedriver                        0x0000000102fe4a1f chromedriver + 4938271
      19  libsystem_pthread.dylib             0x00007ff816381202 _pthread_start + 99
      20  libsystem_pthread.dylib             0x00007ff81637cbab thread_start + 15
      
      	at java.base/jdk.internal.reflect.DirectConstructorHandleAccessor.newInstance(DirectConstructorHandleAccessor.java:62)
      	at java.base/java.lang.reflect.Constructor.newInstanceWithCaller(Constructor.java:502)
      	at java.base/java.lang.reflect.Constructor.newInstance(Constructor.java:486)
      	at org.openqa.selenium.remote.W3CHandshakeResponse.lambda$new$0(W3CHandshakeResponse.java:57)
      	at org.openqa.selenium.remote.W3CHandshakeResponse.lambda$getResponseFunction$2(W3CHandshakeResponse.java:104)
      	at org.openqa.selenium.remote.ProtocolHandshake.lambda$createSession$22(ProtocolHandshake.java:365)
      	at java.base/java.util.stream.ReferencePipeline$3$1.accept(ReferencePipeline.java:197)
      	at java.base/java.util.Spliterators$ArraySpliterator.tryAdvance(Spliterators.java:1034)
      	at java.base/java.util.stream.ReferencePipeline.forEachWithCancel(ReferencePipeline.java:129)
      	at java.base/java.util.stream.AbstractPipeline.copyIntoWithCancel(AbstractPipeline.java:527)
      	at java.base/java.util.stream.AbstractPipeline.copyInto(AbstractPipeline.java:513)
      	at java.base/java.util.stream.AbstractPipeline.wrapAndCopyInto(AbstractPipeline.java:499)
      	at java.base/java.util.stream.FindOps$FindOp.evaluateSequential(FindOps.java:150)
      	at java.base/java.util.stream.AbstractPipeline.evaluate(AbstractPipeline.java:234)
      	at java.base/java.util.stream.ReferencePipeline.findFirst(ReferencePipeline.java:647)
      	at org.openqa.selenium.remote.ProtocolHandshake.createSession(ProtocolHandshake.java:368)
      	at org.openqa.selenium.remote.ProtocolHandshake.createSession(ProtocolHandshake.java:159)
      	at org.openqa.selenium.remote.HttpCommandExecutor.execute(HttpCommandExecutor.java:142)
      	at org.openqa.selenium.remote.service.DriverCommandExecutor.execute(DriverCommandExecutor.java:82)
      	at org.openqa.selenium.remote.RemoteWebDriver.execute(RemoteWebDriver.java:637)
      	at org.openqa.selenium.remote.RemoteWebDriver.startSession(RemoteWebDriver.java:250)
      	at org.openqa.selenium.remote.RemoteWebDriver.startSession(RemoteWebDriver.java:236)
      	at org.openqa.selenium.remote.RemoteWebDriver.<init>(RemoteWebDriver.java:137)
      	at org.openqa.selenium.chrome.ChromeDriver.<init>(ChromeDriver.java:184)
      	at org.openqa.selenium.chrome.ChromeDriver.<init>(ChromeDriver.java:171)
      	at org.openqa.selenium.chrome.ChromeDriver.<init>(ChromeDriver.java:158)
      	at driver.WebDriverFactory.getChromeDriver(WebDriverFactory.java:397)
      	at driver.WebDriverFactory.getWebDriver(WebDriverFactory.java:204)
      	at driver.WebDriverFactory.getDriver(WebDriverFactory.java:158)
      	at comment.ExecutionContext.setUpScenario(ExecutionContext.java:112)
      	at gov.gsa.sst.common.CommonSteps.setup(CommonSteps.java:144)
      	at java.base/jdk.internal.reflect.DirectMethodHandleAccessor.invoke(DirectMethodHandleAccessor.java:103)
      	at java.base/java.lang.reflect.Method.invoke(Method.java:580)
      	at cucumber.runtime.Utils$1.call(Utils.java:37)
      	at cucumber.runtime.Timeout.timeout(Timeout.java:13)
      	at cucumber.runtime.Utils.invoke(Utils.java:31)
      	at cucumber.runtime.java.JavaHookDefinition.execute(JavaHookDefinition.java:60)
      	at cucumber.runtime.Runtime.runHookIfTagsMatch(Runtime.java:223)
      	at cucumber.runtime.Runtime.runHooks(Runtime.java:211)
      	at cucumber.runtime.Runtime.runBeforeHooks(Runtime.java:201)
      	at cucumber.runtime.model.CucumberScenario.run(CucumberScenario.java:40)
      	at cucumber.runtime.junit.ExecutionUnitRunner.run(ExecutionUnitRunner.java:91)
      	at runner.DataInjectedFeatureRunner.runChild(DataInjectedFeatureRunner.java:77)
      	at runner.DataInjectedFeatureRunner.runChild(DataInjectedFeatureRunner.java:26)
      	at org.junit.runners.ParentRunner$3.run(ParentRunner.java:290)
      	at org.junit.runners.ParentRunner$1.schedule(ParentRunner.java:71)
      	at org.junit.runners.ParentRunner.runChildren(ParentRunner.java:288)
      	at org.junit.runners.ParentRunner.access$000(ParentRunner.java:58)
      	at org.junit.runners.ParentRunner$2.evaluate(ParentRunner.java:268)
      	at org.junit.runners.ParentRunner.run(ParentRunner.java:363)
      	at runner.DataInjectedFeatureRunner.run(DataInjectedFeatureRunner.java:84)
      	at cukes.MergedDataInjectedCucumber.runChild(MergedDataInjectedCucumber.java:121)
      	at cukes.MergedDataInjectedCucumber.runChild(MergedDataInjectedCucumber.java:32)
      	at org.junit.runners.ParentRunner$3.run(ParentRunner.java:290)
      	at org.junit.runners.ParentRunner$1.schedule(ParentRunner.java:71)
      	at org.junit.runners.ParentRunner.runChildren(ParentRunner.java:288)
      	at org.junit.runners.ParentRunner.access$000(ParentRunner.java:58)
      	at org.junit.runners.ParentRunner$2.evaluate(ParentRunner.java:268)
      	at org.junit.internal.runners.statements.RunAfters.evaluate(RunAfters.java:27)
      	at org.junit.runners.ParentRunner.run(ParentRunner.java:363)
      	at cukes.MergedDataInjectedCucumber.run(MergedDataInjectedCucumber.java:125)
      	at org.apache.maven.surefire.junit4.JUnit4Provider.execute(JUnit4Provider.java:364)
      	at org.apache.maven.surefire.junit4.JUnit4Provider.executeWithRerun(JUnit4Provider.java:272)
      	at org.apache.maven.surefire.junit4.JUnit4Provider.executeTestSet(JUnit4Provider.java:237)
      	at org.apache.maven.surefire.junit4.JUnit4Provider.invoke(JUnit4Provider.java:158)
      	at org.apache.maven.surefire.booter.ForkedBooter.runSuitesInProcess(ForkedBooter.java:428)
      	at org.apache.maven.surefire.booter.ForkedBooter.execute(ForkedBooter.java:162)
      	at org.apache.maven.surefire.booter.ForkedBooter.run(ForkedBooter.java:562)
      	at org.apache.maven.surefire.booter.ForkedBooter.main(ForkedBooter.java:548)
      &amp#27;[0m
]]></system-out>
  </testcase>
  <testcase name="When I add a Negotiator with all details" classname="Scenario: Add Negotiator successful" time="0">
    <skipped/>
  </testcase>
  <testcase name="Then the Negotiator is added and displayed with correct role in the Negotiator List" classname="Scenario: Add Negotiator successful" time="0">
    <skipped/>
  </testcase>
  <testcase name="" classname="Scenario: Pathway to Success section one is selected" time="5.067">
    <error message="session not created: This version of ChromeDriver only supports Chrome version 116&#10;Current browser version is 119.0.6045.123 with binary path /Applications/Google Chrome.app/Contents/MacOS/Google Chrome&#10;Build info: version: &apos;3.4.0&apos;, revision: &apos;unknown&apos;, time: &apos;unknown&apos;&#10;System info: host: &apos;OCTO-F0QKD57XX6.octo.us&apos;, ip: &apos;fe80:0:0:0:4ab:912d:925d:a705%en0&apos;, os.name: &apos;Mac OS X&apos;, os.arch: &apos;aarch64&apos;, os.version: &apos;14.0&apos;, java.version: &apos;21.0.1&apos;&#10;Driver info: driver.version: ChromeDriver&#10;remote stacktrace: 0   chromedriver                        0x00000001028c7638 chromedriver + 5002808&#10;1   chromedriver                        0x00000001028bea53 chromedriver + 4966995&#10;2   chromedriver                        0x000000010246fa57 chromedriver + 449111&#10;3   chromedriver                        0x00000001024a442c chromedriver + 664620&#10;4   chromedriver                        0x000000010249f58f chromedriver + 644495&#10;5   chromedriver                        0x000000010249c189 chromedriver + 631177&#10;6   chromedriver                        0x00000001024e5cf4 chromedriver + 933108&#10;7   chromedriver                        0x00000001024e503f chromedriver + 929855&#10;8   chromedriver                        0x00000001024dc1c3 chromedriver + 893379&#10;9   chromedriver                        0x00000001024a7df9 chromedriver + 679417&#10;10  chromedriver                        0x00000001024a8fde chromedriver + 683998&#10;11  chromedriver                        0x00000001028842d9 chromedriver + 4727513&#10;12  chromedriver                        0x00000001028892de chromedriver + 4747998&#10;13  chromedriver                        0x00000001028472c9 chromedriver + 4477641&#10;14  chromedriver                        0x000000010288a02d chromedriver + 4751405&#10;15  chromedriver                        0x000000010285d0ec chromedriver + 4567276&#10;16  chromedriver                        0x00000001028a77f8 chromedriver + 4872184&#10;17  chromedriver                        0x00000001028a79b7 chromedriver + 4872631&#10;18  chromedriver                        0x00000001028b7a1f chromedriver + 4938271&#10;19  libsystem_pthread.dylib             0x00007ff816381202 _pthread_start + 99&#10;20  libsystem_pthread.dylib             0x00007ff81637cbab thread_start + 15&#10;" type="org.openqa.selenium.SessionNotCreatedException"><![CDATA[org.openqa.selenium.SessionNotCreatedException: 
session not created: This version of ChromeDriver only supports Chrome version 116
Current browser version is 119.0.6045.123 with binary path /Applications/Google Chrome.app/Contents/MacOS/Google Chrome
Build info: version: '3.4.0', revision: 'unknown', time: 'unknown'
System info: host: 'OCTO-F0QKD57XX6.octo.us', ip: 'fe80:0:0:0:4ab:912d:925d:a705%en0', os.name: 'Mac OS X', os.arch: 'aarch64', os.version: '14.0', java.version: '21.0.1'
Driver info: driver.version: ChromeDriver
remote stacktrace: 0   chromedriver                        0x00000001028c7638 chromedriver + 5002808
1   chromedriver                        0x00000001028bea53 chromedriver + 4966995
2   chromedriver                        0x000000010246fa57 chromedriver + 449111
3   chromedriver                        0x00000001024a442c chromedriver + 664620
4   chromedriver                        0x000000010249f58f chromedriver + 644495
5   chromedriver                        0x000000010249c189 chromedriver + 631177
6   chromedriver                        0x00000001024e5cf4 chromedriver + 933108
7   chromedriver                        0x00000001024e503f chromedriver + 929855
8   chromedriver                        0x00000001024dc1c3 chromedriver + 893379
9   chromedriver                        0x00000001024a7df9 chromedriver + 679417
10  chromedriver                        0x00000001024a8fde chromedriver + 683998
11  chromedriver                        0x00000001028842d9 chromedriver + 4727513
12  chromedriver                        0x00000001028892de chromedriver + 4747998
13  chromedriver                        0x00000001028472c9 chromedriver + 4477641
14  chromedriver                        0x000000010288a02d chromedriver + 4751405
15  chromedriver                        0x000000010285d0ec chromedriver + 4567276
16  chromedriver                        0x00000001028a77f8 chromedriver + 4872184
17  chromedriver                        0x00000001028a79b7 chromedriver + 4872631
18  chromedriver                        0x00000001028b7a1f chromedriver + 4938271
19  libsystem_pthread.dylib             0x00007ff816381202 _pthread_start + 99
20  libsystem_pthread.dylib             0x00007ff81637cbab thread_start + 15

]]></error>
    <system-out><![CDATA[2023-11-12 23:32:07 INFO  CommonSteps:180 - Flush report after each scenarios!

  @all_env @smokeTest @int
  Scenario: Add Negotiator successful                                                   &amp#27;[90m# negotiator.feature:8&amp#27;[0m
    &amp#27;[36mGiven &amp#27;[0m&amp#27;[36mI am on the Add Negotiator Page&amp#27;[0m                                               &amp#27;[90m# Negotiator.i_am_on_the_add_negotiator_page()&amp#27;[0m
    &amp#27;[36mWhen &amp#27;[0m&amp#27;[36mI add a Negotiator with all details&amp#27;[0m                                            &amp#27;[90m# Negotiator.i_add_a_negotiator_with_all_details()&amp#27;[0m
    #  All required fields in valid format
    &amp#27;[36mThen &amp#27;[0m&amp#27;[36mthe Negotiator is added and displayed with correct role in the Negotiator List&amp#27;[0m &amp#27;[90m# Negotiator.the_negotiator_is_added_and_displayed_with_correct_role_in_the_Negotiator_List()&amp#27;[0m
Feature: Verify Pathway to Success
  
  As a vendor
  I want to verify my Pathway to Sucess is selected
2023-11-12 23:32:07 INFO  CommonSteps:143 - Starting to set up scenraio
2023-11-12 23:32:07 INFO  WebDriverFactory:163 - ****os Name: mac os x
2023-11-12 23:32:07 INFO  WebDriverFactory:173 - Initiating driver in getDriver()
2023-11-12 23:32:07 INFO  WebDriverFactory:672 - driverType: shared
2023-11-12 23:32:07 INFO  WebDriverFactory:686 - browserType: chrome
2023-11-12 23:32:07 INFO  WebDriverFactory:345 - Setting the chrome driver path to src/test/resources/Driver/chromedriver
]]></system-out>
    <system-err><![CDATA[java.lang.NullPointerException: Cannot invoke "org.openqa.selenium.TakesScreenshot.getScreenshotAs(org.openqa.selenium.OutputType)" because "scrShot" is null
	at gov.gsa.sst.common.CommonSteps.takeSnapShot(CommonSteps.java:199)
	at gov.gsa.sst.common.CommonSteps.tearDownScenario(CommonSteps.java:182)
	at java.base/jdk.internal.reflect.DirectMethodHandleAccessor.invoke(DirectMethodHandleAccessor.java:103)
	at java.base/java.lang.reflect.Method.invoke(Method.java:580)
	at cucumber.runtime.Utils$1.call(Utils.java:37)
	at cucumber.runtime.Timeout.timeout(Timeout.java:13)
	at cucumber.runtime.Utils.invoke(Utils.java:31)
	at cucumber.runtime.java.JavaHookDefinition.execute(JavaHookDefinition.java:60)
	at cucumber.runtime.Runtime.runHookIfTagsMatch(Runtime.java:223)
	at cucumber.runtime.Runtime.runHooks(Runtime.java:211)
	at cucumber.runtime.Runtime.runAfterHooks(Runtime.java:205)
	at cucumber.runtime.model.CucumberScenario.run(CucumberScenario.java:46)
	at cucumber.runtime.junit.ExecutionUnitRunner.run(ExecutionUnitRunner.java:91)
	at runner.DataInjectedFeatureRunner.runChild(DataInjectedFeatureRunner.java:77)
	at runner.DataInjectedFeatureRunner.runChild(DataInjectedFeatureRunner.java:26)
	at org.junit.runners.ParentRunner$3.run(ParentRunner.java:290)
	at org.junit.runners.ParentRunner$1.schedule(ParentRunner.java:71)
	at org.junit.runners.ParentRunner.runChildren(ParentRunner.java:288)
	at org.junit.runners.ParentRunner.access$000(ParentRunner.java:58)
	at org.junit.runners.ParentRunner$2.evaluate(ParentRunner.java:268)
	at org.junit.runners.ParentRunner.run(ParentRunner.java:363)
	at runner.DataInjectedFeatureRunner.run(DataInjectedFeatureRunner.java:84)
	at cukes.MergedDataInjectedCucumber.runChild(MergedDataInjectedCucumber.java:121)
	at cukes.MergedDataInjectedCucumber.runChild(MergedDataInjectedCucumber.java:32)
	at org.junit.runners.ParentRunner$3.run(ParentRunner.java:290)
	at org.junit.runners.ParentRunner$1.schedule(ParentRunner.java:71)
	at org.junit.runners.ParentRunner.runChildren(ParentRunner.java:288)
	at org.junit.runners.ParentRunner.access$000(ParentRunner.java:58)
	at org.junit.runners.ParentRunner$2.evaluate(ParentRunner.java:268)
	at org.junit.internal.runners.statements.RunAfters.evaluate(RunAfters.java:27)
	at org.junit.runners.ParentRunner.run(ParentRunner.java:363)
	at cukes.MergedDataInjectedCucumber.run(MergedDataInjectedCucumber.java:125)
	at org.apache.maven.surefire.junit4.JUnit4Provider.execute(JUnit4Provider.java:364)
	at org.apache.maven.surefire.junit4.JUnit4Provider.executeWithRerun(JUnit4Provider.java:272)
	at org.apache.maven.surefire.junit4.JUnit4Provider.executeTestSet(JUnit4Provider.java:237)
	at org.apache.maven.surefire.junit4.JUnit4Provider.invoke(JUnit4Provider.java:158)
	at org.apache.maven.surefire.booter.ForkedBooter.runSuitesInProcess(ForkedBooter.java:428)
	at org.apache.maven.surefire.booter.ForkedBooter.execute(ForkedBooter.java:162)
	at org.apache.maven.surefire.booter.ForkedBooter.run(ForkedBooter.java:562)
	at org.apache.maven.surefire.booter.ForkedBooter.main(ForkedBooter.java:548)
Starting ChromeDriver 116.0.5845.96 (1a391816688002153ef791ffe60d9e899a71a037-refs/branch-heads/5845@{#1382}) on port 41764
Only local connections are allowed.
Please see https://chromedriver.chromium.org/security-considerations for suggestions on keeping ChromeDriver safe.
ChromeDriver was started successfully.
]]></system-err>
  </testcase>
  <testcase name="Given I am on the Pathway to Success Page" classname="Scenario: Pathway to Success section one is selected" time="0">
    <skipped/>
    <system-out><![CDATA[&amp#27;[31mFailure in before hook:&amp#27;[0m&amp#27;[31mCommonSteps.setup(Scenario)&amp#27;[0m
&amp#27;[31mMessage: &amp#27;[0m&amp#27;[31morg.openqa.selenium.SessionNotCreatedException: session not created: This version of ChromeDriver only supports Chrome version 116
Current browser version is 119.0.6045.123 with binary path /Applications/Google Chrome.app/Contents/MacOS/Google Chrome
Build info: version: '3.4.0', revision: 'unknown', time: 'unknown'
System info: host: 'OCTO-F0QKD57XX6.octo.us', ip: 'fe80:0:0:0:4ab:912d:925d:a705%en0', os.name: 'Mac OS X', os.arch: 'aarch64', os.version: '14.0', java.version: '21.0.1'
Driver info: driver.version: ChromeDriver
remote stacktrace: 0   chromedriver                        0x00000001028c7638 chromedriver + 5002808
1   chromedriver                        0x00000001028bea53 chromedriver + 4966995
2   chromedriver                        0x000000010246fa57 chromedriver + 449111
3   chromedriver                        0x00000001024a442c chromedriver + 664620
4   chromedriver                        0x000000010249f58f chromedriver + 644495
5   chromedriver                        0x000000010249c189 chromedriver + 631177
6   chromedriver                        0x00000001024e5cf4 chromedriver + 933108
7   chromedriver                        0x00000001024e503f chromedriver + 929855
8   chromedriver                        0x00000001024dc1c3 chromedriver + 893379
9   chromedriver                        0x00000001024a7df9 chromedriver + 679417
10  chromedriver                        0x00000001024a8fde chromedriver + 683998
11  chromedriver                        0x00000001028842d9 chromedriver + 4727513
12  chromedriver                        0x00000001028892de chromedriver + 4747998
13  chromedriver                        0x00000001028472c9 chromedriver + 4477641
14  chromedriver                        0x000000010288a02d chromedriver + 4751405
15  chromedriver                        0x000000010285d0ec chromedriver + 4567276
16  chromedriver                        0x00000001028a77f8 chromedriver + 4872184
17  chromedriver                        0x00000001028a79b7 chromedriver + 4872631
18  chromedriver                        0x00000001028b7a1f chromedriver + 4938271
19  libsystem_pthread.dylib             0x00007ff816381202 _pthread_start + 99
20  libsystem_pthread.dylib             0x00007ff81637cbab thread_start + 15

	at java.base/jdk.internal.reflect.DirectConstructorHandleAccessor.newInstance(DirectConstructorHandleAccessor.java:62)
	at java.base/java.lang.reflect.Constructor.newInstanceWithCaller(Constructor.java:502)
	at java.base/java.lang.reflect.Constructor.newInstance(Constructor.java:486)
	at org.openqa.selenium.remote.W3CHandshakeResponse.lambda$new$0(W3CHandshakeResponse.java:57)
	at org.openqa.selenium.remote.W3CHandshakeResponse.lambda$getResponseFunction$2(W3CHandshakeResponse.java:104)
	at org.openqa.selenium.remote.ProtocolHandshake.lambda$createSession$22(ProtocolHandshake.java:365)
	at java.base/java.util.stream.ReferencePipeline$3$1.accept(ReferencePipeline.java:197)
	at java.base/java.util.Spliterators$ArraySpliterator.tryAdvance(Spliterators.java:1034)
	at java.base/java.util.stream.ReferencePipeline.forEachWithCancel(ReferencePipeline.java:129)
	at java.base/java.util.stream.AbstractPipeline.copyIntoWithCancel(AbstractPipeline.java:527)
	at java.base/java.util.stream.AbstractPipeline.copyInto(AbstractPipeline.java:513)
	at java.base/java.util.stream.AbstractPipeline.wrapAndCopyInto(AbstractPipeline.java:499)
	at java.base/java.util.stream.FindOps$FindOp.evaluateSequential(FindOps.java:150)
	at java.base/java.util.stream.AbstractPipeline.evaluate(AbstractPipeline.java:234)
	at java.base/java.util.stream.ReferencePipeline.findFirst(ReferencePipeline.java:647)
	at org.openqa.selenium.remote.ProtocolHandshake.createSession(ProtocolHandshake.java:368)
	at org.openqa.selenium.remote.ProtocolHandshake.createSession(ProtocolHandshake.java:159)
	at org.openqa.selenium.remote.HttpCommandExecutor.execute(HttpCommandExecutor.java:142)
	at org.openqa.selenium.remote.service.DriverCommandExecutor.execute(DriverCommandExecutor.java:82)
	at org.openqa.selenium.remote.RemoteWebDriver.execute(RemoteWebDriver.java:637)
	at org.openqa.selenium.remote.RemoteWebDriver.startSession(RemoteWebDriver.java:250)
	at org.openqa.selenium.remote.RemoteWebDriver.startSession(RemoteWebDriver.java:236)
	at org.openqa.selenium.remote.RemoteWebDriver.<init>(RemoteWebDriver.java:137)
	at org.openqa.selenium.chrome.ChromeDriver.<init>(ChromeDriver.java:184)
	at org.openqa.selenium.chrome.ChromeDriver.<init>(ChromeDriver.java:171)
	at org.openqa.selenium.chrome.ChromeDriver.<init>(ChromeDriver.java:158)
	at driver.WebDriverFactory.getChromeDriver(WebDriverFactory.java:397)
	at driver.WebDriverFactory.getWebDriver(WebDriverFactory.java:204)
	at driver.WebDriverFactory.getDriver(WebDriverFactory.java:158)
	at comment.ExecutionContext.setUpScenario(ExecutionContext.java:112)
	at gov.gsa.sst.common.CommonSteps.setup(CommonSteps.java:144)
	at java.base/jdk.internal.reflect.DirectMethodHandleAccessor.invoke(DirectMethodHandleAccessor.java:103)
	at java.base/java.lang.reflect.Method.invoke(Method.java:580)
	at cucumber.runtime.Utils$1.call(Utils.java:37)
	at cucumber.runtime.Timeout.timeout(Timeout.java:13)
	at cucumber.runtime.Utils.invoke(Utils.java:31)
	at cucumber.runtime.java.JavaHookDefinition.execute(JavaHookDefinition.java:60)
	at cucumber.runtime.Runtime.runHookIfTagsMatch(Runtime.java:223)
	at cucumber.runtime.Runtime.runHooks(Runtime.java:211)
	at cucumber.runtime.Runtime.runBeforeHooks(Runtime.java:201)
	at cucumber.runtime.model.CucumberScenario.run(CucumberScenario.java:40)
	at cucumber.runtime.junit.ExecutionUnitRunner.run(ExecutionUnitRunner.java:91)
	at runner.DataInjectedFeatureRunner.runChild(DataInjectedFeatureRunner.java:77)
	at runner.DataInjectedFeatureRunner.runChild(DataInjectedFeatureRunner.java:26)
	at org.junit.runners.ParentRunner$3.run(ParentRunner.java:290)
	at org.junit.runners.ParentRunner$1.schedule(ParentRunner.java:71)
	at org.junit.runners.ParentRunner.runChildren(ParentRunner.java:288)
	at org.junit.runners.ParentRunner.access$000(ParentRunner.java:58)
	at org.junit.runners.ParentRunner$2.evaluate(ParentRunner.java:268)
	at org.junit.runners.ParentRunner.run(ParentRunner.java:363)
	at runner.DataInjectedFeatureRunner.run(DataInjectedFeatureRunner.java:84)
	at cukes.MergedDataInjectedCucumber.runChild(MergedDataInjectedCucumber.java:121)
	at cukes.MergedDataInjectedCucumber.runChild(MergedDataInjectedCucumber.java:32)
	at org.junit.runners.ParentRunner$3.run(ParentRunner.java:290)
	at org.junit.runners.ParentRunner$1.schedule(ParentRunner.java:71)
	at org.junit.runners.ParentRunner.runChildren(ParentRunner.java:288)
	at org.junit.runners.ParentRunner.access$000(ParentRunner.java:58)
	at org.junit.runners.ParentRunner$2.evaluate(ParentRunner.java:268)
	at org.junit.internal.runners.statements.RunAfters.evaluate(RunAfters.java:27)
	at org.junit.runners.ParentRunner.run(ParentRunner.java:363)
	at cukes.MergedDataInjectedCucumber.run(MergedDataInjectedCucumber.java:125)
	at org.apache.maven.surefire.junit4.JUnit4Provider.execute(JUnit4Provider.java:364)
	at org.apache.maven.surefire.junit4.JUnit4Provider.executeWithRerun(JUnit4Provider.java:272)
	at org.apache.maven.surefire.junit4.JUnit4Provider.executeTestSet(JUnit4Provider.java:237)
	at org.apache.maven.surefire.junit4.JUnit4Provider.invoke(JUnit4Provider.java:158)
	at org.apache.maven.surefire.booter.ForkedBooter.runSuitesInProcess(ForkedBooter.java:428)
	at org.apache.maven.surefire.booter.ForkedBooter.execute(ForkedBooter.java:162)
	at org.apache.maven.surefire.booter.ForkedBooter.run(ForkedBooter.java:562)
	at org.apache.maven.surefire.booter.ForkedBooter.main(ForkedBooter.java:548)
&amp#27;[0m
      &amp#27;[31morg.openqa.selenium.SessionNotCreatedException: session not created: This version of ChromeDriver only supports Chrome version 116
      Current browser version is 119.0.6045.123 with binary path /Applications/Google Chrome.app/Contents/MacOS/Google Chrome
      Build info: version: '3.4.0', revision: 'unknown', time: 'unknown'
      System info: host: 'OCTO-F0QKD57XX6.octo.us', ip: 'fe80:0:0:0:4ab:912d:925d:a705%en0', os.name: 'Mac OS X', os.arch: 'aarch64', os.version: '14.0', java.version: '21.0.1'
      Driver info: driver.version: ChromeDriver
      remote stacktrace: 0   chromedriver                        0x00000001028c7638 chromedriver + 5002808
      1   chromedriver                        0x00000001028bea53 chromedriver + 4966995
      2   chromedriver                        0x000000010246fa57 chromedriver + 449111
      3   chromedriver                        0x00000001024a442c chromedriver + 664620
      4   chromedriver                        0x000000010249f58f chromedriver + 644495
      5   chromedriver                        0x000000010249c189 chromedriver + 631177
      6   chromedriver                        0x00000001024e5cf4 chromedriver + 933108
      7   chromedriver                        0x00000001024e503f chromedriver + 929855
      8   chromedriver                        0x00000001024dc1c3 chromedriver + 893379
      9   chromedriver                        0x00000001024a7df9 chromedriver + 679417
      10  chromedriver                        0x00000001024a8fde chromedriver + 683998
      11  chromedriver                        0x00000001028842d9 chromedriver + 4727513
      12  chromedriver                        0x00000001028892de chromedriver + 4747998
      13  chromedriver                        0x00000001028472c9 chromedriver + 4477641
      14  chromedriver                        0x000000010288a02d chromedriver + 4751405
      15  chromedriver                        0x000000010285d0ec chromedriver + 4567276
      16  chromedriver                        0x00000001028a77f8 chromedriver + 4872184
      17  chromedriver                        0x00000001028a79b7 chromedriver + 4872631
      18  chromedriver                        0x00000001028b7a1f chromedriver + 4938271
      19  libsystem_pthread.dylib             0x00007ff816381202 _pthread_start + 99
      20  libsystem_pthread.dylib             0x00007ff81637cbab thread_start + 15
      
      	at java.base/jdk.internal.reflect.DirectConstructorHandleAccessor.newInstance(DirectConstructorHandleAccessor.java:62)
      	at java.base/java.lang.reflect.Constructor.newInstanceWithCaller(Constructor.java:502)
      	at java.base/java.lang.reflect.Constructor.newInstance(Constructor.java:486)
      	at org.openqa.selenium.remote.W3CHandshakeResponse.lambda$new$0(W3CHandshakeResponse.java:57)
      	at org.openqa.selenium.remote.W3CHandshakeResponse.lambda$getResponseFunction$2(W3CHandshakeResponse.java:104)
      	at org.openqa.selenium.remote.ProtocolHandshake.lambda$createSession$22(ProtocolHandshake.java:365)
      	at java.base/java.util.stream.ReferencePipeline$3$1.accept(ReferencePipeline.java:197)
      	at java.base/java.util.Spliterators$ArraySpliterator.tryAdvance(Spliterators.java:1034)
      	at java.base/java.util.stream.ReferencePipeline.forEachWithCancel(ReferencePipeline.java:129)
      	at java.base/java.util.stream.AbstractPipeline.copyIntoWithCancel(AbstractPipeline.java:527)
      	at java.base/java.util.stream.AbstractPipeline.copyInto(AbstractPipeline.java:513)
      	at java.base/java.util.stream.AbstractPipeline.wrapAndCopyInto(AbstractPipeline.java:499)
      	at java.base/java.util.stream.FindOps$FindOp.evaluateSequential(FindOps.java:150)
      	at java.base/java.util.stream.AbstractPipeline.evaluate(AbstractPipeline.java:234)
      	at java.base/java.util.stream.ReferencePipeline.findFirst(ReferencePipeline.java:647)
      	at org.openqa.selenium.remote.ProtocolHandshake.createSession(ProtocolHandshake.java:368)
      	at org.openqa.selenium.remote.ProtocolHandshake.createSession(ProtocolHandshake.java:159)
      	at org.openqa.selenium.remote.HttpCommandExecutor.execute(HttpCommandExecutor.java:142)
      	at org.openqa.selenium.remote.service.DriverCommandExecutor.execute(DriverCommandExecutor.java:82)
      	at org.openqa.selenium.remote.RemoteWebDriver.execute(RemoteWebDriver.java:637)
      	at org.openqa.selenium.remote.RemoteWebDriver.startSession(RemoteWebDriver.java:250)
      	at org.openqa.selenium.remote.RemoteWebDriver.startSession(RemoteWebDriver.java:236)
      	at org.openqa.selenium.remote.RemoteWebDriver.<init>(RemoteWebDriver.java:137)
      	at org.openqa.selenium.chrome.ChromeDriver.<init>(ChromeDriver.java:184)
      	at org.openqa.selenium.chrome.ChromeDriver.<init>(ChromeDriver.java:171)
      	at org.openqa.selenium.chrome.ChromeDriver.<init>(ChromeDriver.java:158)
      	at driver.WebDriverFactory.getChromeDriver(WebDriverFactory.java:397)
      	at driver.WebDriverFactory.getWebDriver(WebDriverFactory.java:204)
      	at driver.WebDriverFactory.getDriver(WebDriverFactory.java:158)
      	at comment.ExecutionContext.setUpScenario(ExecutionContext.java:112)
      	at gov.gsa.sst.common.CommonSteps.setup(CommonSteps.java:144)
      	at java.base/jdk.internal.reflect.DirectMethodHandleAccessor.invoke(DirectMethodHandleAccessor.java:103)
      	at java.base/java.lang.reflect.Method.invoke(Method.java:580)
      	at cucumber.runtime.Utils$1.call(Utils.java:37)
      	at cucumber.runtime.Timeout.timeout(Timeout.java:13)
      	at cucumber.runtime.Utils.invoke(Utils.java:31)
      	at cucumber.runtime.java.JavaHookDefinition.execute(JavaHookDefinition.java:60)
      	at cucumber.runtime.Runtime.runHookIfTagsMatch(Runtime.java:223)
      	at cucumber.runtime.Runtime.runHooks(Runtime.java:211)
      	at cucumber.runtime.Runtime.runBeforeHooks(Runtime.java:201)
      	at cucumber.runtime.model.CucumberScenario.run(CucumberScenario.java:40)
      	at cucumber.runtime.junit.ExecutionUnitRunner.run(ExecutionUnitRunner.java:91)
      	at runner.DataInjectedFeatureRunner.runChild(DataInjectedFeatureRunner.java:77)
      	at runner.DataInjectedFeatureRunner.runChild(DataInjectedFeatureRunner.java:26)
      	at org.junit.runners.ParentRunner$3.run(ParentRunner.java:290)
      	at org.junit.runners.ParentRunner$1.schedule(ParentRunner.java:71)
      	at org.junit.runners.ParentRunner.runChildren(ParentRunner.java:288)
      	at org.junit.runners.ParentRunner.access$000(ParentRunner.java:58)
      	at org.junit.runners.ParentRunner$2.evaluate(ParentRunner.java:268)
      	at org.junit.runners.ParentRunner.run(ParentRunner.java:363)
      	at runner.DataInjectedFeatureRunner.run(DataInjectedFeatureRunner.java:84)
      	at cukes.MergedDataInjectedCucumber.runChild(MergedDataInjectedCucumber.java:121)
      	at cukes.MergedDataInjectedCucumber.runChild(MergedDataInjectedCucumber.java:32)
      	at org.junit.runners.ParentRunner$3.run(ParentRunner.java:290)
      	at org.junit.runners.ParentRunner$1.schedule(ParentRunner.java:71)
      	at org.junit.runners.ParentRunner.runChildren(ParentRunner.java:288)
      	at org.junit.runners.ParentRunner.access$000(ParentRunner.java:58)
      	at org.junit.runners.ParentRunner$2.evaluate(ParentRunner.java:268)
      	at org.junit.internal.runners.statements.RunAfters.evaluate(RunAfters.java:27)
      	at org.junit.runners.ParentRunner.run(ParentRunner.java:363)
      	at cukes.MergedDataInjectedCucumber.run(MergedDataInjectedCucumber.java:125)
      	at org.apache.maven.surefire.junit4.JUnit4Provider.execute(JUnit4Provider.java:364)
      	at org.apache.maven.surefire.junit4.JUnit4Provider.executeWithRerun(JUnit4Provider.java:272)
      	at org.apache.maven.surefire.junit4.JUnit4Provider.executeTestSet(JUnit4Provider.java:237)
      	at org.apache.maven.surefire.junit4.JUnit4Provider.invoke(JUnit4Provider.java:158)
      	at org.apache.maven.surefire.booter.ForkedBooter.runSuitesInProcess(ForkedBooter.java:428)
      	at org.apache.maven.surefire.booter.ForkedBooter.execute(ForkedBooter.java:162)
      	at org.apache.maven.surefire.booter.ForkedBooter.run(ForkedBooter.java:562)
      	at org.apache.maven.surefire.booter.ForkedBooter.main(ForkedBooter.java:548)
      &amp#27;[0m
]]></system-out>
  </testcase>
  <testcase name="When Vendor complete section one" classname="Scenario: Pathway to Success section one is selected" time="0">
    <skipped/>
  </testcase>
  <testcase name="And Vendor Save and Continue" classname="Scenario: Pathway to Success section one is selected" time="0">
    <skipped/>
  </testcase>
  <testcase name="Then Pathway to Success menu is complete" classname="Scenario: Pathway to Success section one is selected" time="0">
    <skipped/>
  </testcase>
</testsuite>